*** Starting uWSGI 2.0.15-debian (64bit) on [Mon Aug 17 03:58:15 2020] ***
compiled with version: 7.3.0 on 28 September 2018 15:41:15
os: Linux-4.15.0-88-generic #88-Ubuntu SMP Tue Feb 11 20:11:34 UTC 2020
nodename: VM-0-6-ubuntu
machine: x86_64
clock source: unix
pcre jit disabled
detected number of CPU cores: 1
current working directory: /home/ubuntu/Github/Nchu_UTP
writing pidfile to uwsgi.pid
detected binary path: /usr/bin/uwsgi-core
dropping root privileges as early as possible
chdir() to /home/ubuntu/Github/Nchu_UTP
your processes number limit is 7075
your memory page size is 4096 bytes
detected max file descriptor number: 1024
lock engine: pthread robust mutexes
thunder lock: disabled (you can enable it with --thunder-lock)
dropping root privileges after socket binding
dropping root privileges after plugin initialization
The -s/--socket option is missing and stdin is not a socket.
*** Starting uWSGI 2.0.15-debian (64bit) on [Mon Aug 17 04:01:03 2020] ***
compiled with version: 7.3.0 on 28 September 2018 15:41:15
os: Linux-4.15.0-88-generic #88-Ubuntu SMP Tue Feb 11 20:11:34 UTC 2020
nodename: VM-0-6-ubuntu
machine: x86_64
clock source: unix
pcre jit disabled
detected number of CPU cores: 1
current working directory: /home/ubuntu/Github/Nchu_UTP
writing pidfile to uwsgi.pid
detected binary path: /usr/bin/uwsgi-core
dropping root privileges as early as possible
chdir() to /home/ubuntu/Github/Nchu_UTP
your processes number limit is 7075
your memory page size is 4096 bytes
detected max file descriptor number: 1024
lock engine: pthread robust mutexes
thunder lock: disabled (you can enable it with --thunder-lock)
dropping root privileges after socket binding
dropping root privileges after plugin initialization
The -s/--socket option is missing and stdin is not a socket.
*** Starting uWSGI 2.0.15-debian (64bit) on [Mon Aug 17 04:02:30 2020] ***
compiled with version: 7.3.0 on 28 September 2018 15:41:15
os: Linux-4.15.0-88-generic #88-Ubuntu SMP Tue Feb 11 20:11:34 UTC 2020
nodename: VM-0-6-ubuntu
machine: x86_64
clock source: unix
pcre jit disabled
detected number of CPU cores: 1
current working directory: /home/ubuntu/Github/Nchu_UTP
writing pidfile to uwsgi.pid
detected binary path: /usr/bin/uwsgi-core
dropping root privileges as early as possible
chdir() to /home/ubuntu/Github/Nchu_UTP
your processes number limit is 7075
your memory page size is 4096 bytes
detected max file descriptor number: 1024
lock engine: pthread robust mutexes
thunder lock: disabled (you can enable it with --thunder-lock)
dropping root privileges after socket binding
dropping root privileges after plugin initialization
The -s/--socket option is missing and stdin is not a socket.
*** Starting uWSGI 2.0.15-debian (64bit) on [Mon Aug 17 04:05:10 2020] ***
compiled with version: 7.3.0 on 28 September 2018 15:41:15
os: Linux-4.15.0-88-generic #88-Ubuntu SMP Tue Feb 11 20:11:34 UTC 2020
nodename: VM-0-6-ubuntu
machine: x86_64
clock source: unix
pcre jit disabled
detected number of CPU cores: 1
current working directory: /home/ubuntu/Github/Nchu_UTP
writing pidfile to uwsgi.pid
detected binary path: /usr/bin/uwsgi-core
dropping root privileges as early as possible
chdir() to /home/ubuntu/Github/Nchu_UTP
your processes number limit is 7075
your memory page size is 4096 bytes
detected max file descriptor number: 1024
lock engine: pthread robust mutexes
thunder lock: disabled (you can enable it with --thunder-lock)
dropping root privileges after socket binding
dropping root privileges after plugin initialization
The -s/--socket option is missing and stdin is not a socket.
*** Starting uWSGI 2.0.15-debian (64bit) on [Mon Aug 17 04:12:58 2020] ***
compiled with version: 7.3.0 on 28 September 2018 15:41:15
os: Linux-4.15.0-88-generic #88-Ubuntu SMP Tue Feb 11 20:11:34 UTC 2020
nodename: VM-0-6-ubuntu
machine: x86_64
clock source: unix
pcre jit disabled
detected number of CPU cores: 1
current working directory: /home/ubuntu/Github/Nchu_UTP
writing pidfile to uwsgi.pid
detected binary path: /usr/bin/uwsgi-core
dropping root privileges as early as possible
chdir() to /home/ubuntu/Github/Nchu_UTP
your processes number limit is 7075
your memory page size is 4096 bytes
detected max file descriptor number: 1024
lock engine: pthread robust mutexes
thunder lock: disabled (you can enable it with --thunder-lock)
dropping root privileges after socket binding
dropping root privileges after plugin initialization
The -s/--socket option is missing and stdin is not a socket.
