*** Starting uWSGI 2.0.15-debian (64bit) on [Mon Aug 17 06:04:55 2020] ***
compiled with version: 7.3.0 on 28 September 2018 15:41:15
os: Linux-4.15.0-88-generic #88-Ubuntu SMP Tue Feb 11 20:11:34 UTC 2020
nodename: VM-0-6-ubuntu
machine: x86_64
clock source: unix
pcre jit disabled
detected number of CPU cores: 1
current working directory: /home/ubuntu/Github/Nchu_UTP
writing pidfile to uwsgi.pid
detected binary path: /usr/bin/uwsgi-core
dropping root privileges as early as possible
chdir() to /home/ubuntu/Github/Nchu_UTP
your processes number limit is 7075
your memory page size is 4096 bytes
detected max file descriptor number: 1024
lock engine: pthread robust mutexes
thunder lock: disabled (you can enable it with --thunder-lock)
dropping root privileges after socket binding
dropping root privileges after plugin initialization
The -s/--socket option is missing and stdin is not a socket.
*** Starting uWSGI 2.0.19.1 (64bit) on [Mon Aug 17 07:45:41 2020] ***
compiled with version: 7.5.0 on 16 August 2020 19:33:52
os: Linux-4.15.0-88-generic #88-Ubuntu SMP Tue Feb 11 20:11:34 UTC 2020
nodename: VM-0-6-ubuntu
machine: x86_64
clock source: unix
detected number of CPU cores: 1
current working directory: /home/ubuntu/Github/Nchu_UTP
writing pidfile to uwsgi.pid
detected binary path: /usr/local/bin/uwsgi
!!! no internal routing support, rebuild with pcre support !!!
chdir() to /home/ubuntu/Github/Nchu_UTP
your processes number limit is 7075
your memory page size is 4096 bytes
detected max file descriptor number: 1024
lock engine: pthread robust mutexes
thunder lock: disabled (you can enable it with --thunder-lock)
uwsgi socket 0 bound to TCP address 127.0.0.1:8011 fd 3
Python version: 3.6.9 (default, Jul 17 2020, 12:50:27)  [GCC 8.4.0]
Python main interpreter initialized at 0x55d1b6cc3ec0
python threads support enabled
your server socket listen backlog is limited to 100 connections
your mercy for graceful operations on workers is 60 seconds
mapped 416720 bytes (406 KB) for 8 cores
*** Operational MODE: preforking+threaded ***
WSGI app 0 (mountpoint='') ready in 0 seconds on interpreter 0x55d1b6cc3ec0 pid: 12176 (default app)
*** uWSGI is running in multiple interpreter mode ***
spawned uWSGI master process (pid: 12176)
spawned uWSGI worker 1 (pid: 12178, cores: 2)
spawned uWSGI worker 2 (pid: 12179, cores: 2)
spawned uWSGI worker 3 (pid: 12180, cores: 2)
spawned uWSGI worker 4 (pid: 12181, cores: 2)
[pid: 12178|app: 0|req: 1/1] 115.211.51.102 () {44 vars in 714 bytes} [Mon Aug 17 07:45:49 2020] GET / => generated 10034 bytes in 194 msecs (HTTP/1.1 200) 4 headers in 145 bytes (1 switches on core 0)
SIGINT/SIGQUIT received...killing workers...
worker 1 buried after 1 seconds
worker 2 buried after 1 seconds
worker 3 buried after 1 seconds
worker 4 buried after 1 seconds
goodbye to uWSGI.
VACUUM: pidfile removed.
*** Starting uWSGI 2.0.19.1 (64bit) on [Mon Aug 17 07:56:19 2020] ***
compiled with version: 7.5.0 on 16 August 2020 19:33:52
os: Linux-4.15.0-88-generic #88-Ubuntu SMP Tue Feb 11 20:11:34 UTC 2020
nodename: VM-0-6-ubuntu
machine: x86_64
clock source: unix
detected number of CPU cores: 1
current working directory: /home/ubuntu/Github/Nchu_UTP
writing pidfile to uwsgi.pid
detected binary path: /usr/local/bin/uwsgi
!!! no internal routing support, rebuild with pcre support !!!
chdir() to /home/ubuntu/Github/Nchu_UTP
your processes number limit is 7075
your memory page size is 4096 bytes
detected max file descriptor number: 1024
lock engine: pthread robust mutexes
thunder lock: disabled (you can enable it with --thunder-lock)
uwsgi socket 0 bound to TCP address 127.0.0.1:8011 fd 3
Python version: 3.6.9 (default, Jul 17 2020, 12:50:27)  [GCC 8.4.0]
Python main interpreter initialized at 0x55d40464ded0
python threads support enabled
your server socket listen backlog is limited to 100 connections
your mercy for graceful operations on workers is 60 seconds
mapped 416720 bytes (406 KB) for 8 cores
*** Operational MODE: preforking+threaded ***
WSGI app 0 (mountpoint='') ready in 0 seconds on interpreter 0x55d40464ded0 pid: 14067 (default app)
*** uWSGI is running in multiple interpreter mode ***
spawned uWSGI master process (pid: 14067)
spawned uWSGI worker 1 (pid: 14069, cores: 2)
spawned uWSGI worker 2 (pid: 14070, cores: 2)
spawned uWSGI worker 3 (pid: 14071, cores: 2)
spawned uWSGI worker 4 (pid: 14072, cores: 2)
[pid: 14071|app: 0|req: 1/1] 115.211.51.102 () {44 vars in 714 bytes} [Mon Aug 17 07:56:53 2020] GET / => generated 10034 bytes in 186 msecs (HTTP/1.1 200) 4 headers in 145 bytes (1 switches on core 0)
